<?xml version="1.0" encoding="UTF-8"?>
<!-- Generated by org.testng.reporters.JUnitXMLReporter -->
<testsuite ignored="0" hostname="DESKTOP-V5GU0V7" failures="0" tests="6" name="Default test" time="16.574" errors="0" timestamp="2025-02-15T09:16:48 IST">
  <testcase classname="api.test.DDTest" name="createPost" time="5.698"/>
  <testcase classname="api.test.DDTest" name="createPost" time="1.703"/>
  <testcase classname="api.test.DDTest" name="createPost" time="1.632"/>
  <testcase classname="api.test.DDTest" name="deleteUser" time="1.552"/>
  <testcase classname="api.test.DDTest" name="deleteUser" time="1.529"/>
  <testcase classname="api.test.DDTest" name="deleteUser" time="1.584"/>
</testsuite> <!-- Default test -->
