<?xml version="1.0" encoding="UTF-8"?>
<testng-results ignored="0" total="4" passed="4" failed="0" skipped="0">
  <reporter-output>
  </reporter-output>
  <suite started-at="2025-02-06T12:01:15 IST" name="Default suite" finished-at="2025-02-06T12:01:26 IST" duration-ms="11542">
    <groups>
    </groups>
    <test started-at="2025-02-06T12:01:15 IST" name="Default test" finished-at="2025-02-06T12:01:26 IST" duration-ms="11542">
      <class name="api.test.userTests">
        <test-method is-config="true" signature="userTestData()[pri:0, instance:api.test.userTests@9d5509a]" started-at="2025-02-06T12:01:15 IST" name="userTestData" finished-at="2025-02-06T12:01:15 IST" duration-ms="343" status="PASS">
          <reporter-output>
          </reporter-output>
        </test-method> <!-- userTestData -->
        <test-method signature="createUser()[pri:1, instance:api.test.userTests@9d5509a]" started-at="2025-02-06T12:01:15 IST" name="createUser" finished-at="2025-02-06T12:01:21 IST" duration-ms="6089" status="PASS">
          <reporter-output>
          </reporter-output>
        </test-method> <!-- createUser -->
        <test-method signature="getuser()[pri:2, instance:api.test.userTests@9d5509a]" started-at="2025-02-06T12:01:21 IST" name="getuser" finished-at="2025-02-06T12:01:23 IST" duration-ms="1669" status="PASS">
          <reporter-output>
          </reporter-output>
        </test-method> <!-- getuser -->
        <test-method signature="updateUser()[pri:3, instance:api.test.userTests@9d5509a]" started-at="2025-02-06T12:01:23 IST" name="updateUser" finished-at="2025-02-06T12:01:25 IST" duration-ms="1625" status="PASS">
          <reporter-output>
          </reporter-output>
        </test-method> <!-- updateUser -->
        <test-method signature="deleteUser()[pri:4, instance:api.test.userTests@9d5509a]" started-at="2025-02-06T12:01:25 IST" name="deleteUser" finished-at="2025-02-06T12:01:26 IST" duration-ms="1695" status="PASS">
          <reporter-output>
          </reporter-output>
        </test-method> <!-- deleteUser -->
      </class> <!-- api.test.userTests -->
    </test> <!-- Default test -->
  </suite> <!-- Default suite -->
</testng-results>
