<?xml version="1.0" encoding="UTF-8"?>
<testng-results ignored="0" total="6" passed="6" failed="0" skipped="0">
  <reporter-output>
  </reporter-output>
  <suite started-at="2025-02-15T09:16:31 IST" name="Default suite" finished-at="2025-02-15T09:16:47 IST" duration-ms="16574">
    <groups>
    </groups>
    <test started-at="2025-02-15T09:16:31 IST" name="Default test" finished-at="2025-02-15T09:16:47 IST" duration-ms="16574">
      <class name="api.test.DDTest">
        <test-method signature="createPost(java.lang.String,java.lang.String,java.lang.String,java.lang.String,java.lang.String,java.lang.String,java.lang.String)[pri:1, instance:api.test.DDTest@6b81ce95]" started-at="2025-02-15T09:16:34 IST" name="createPost" data-provider="Data" finished-at="2025-02-15T09:16:39 IST" duration-ms="5698" status="PASS">
          <params>
            <param index="0">
              <value>
                <![CDATA[1010]]>
              </value>
            </param>
            <param index="1">
              <value>
                <![CDATA[Adam]]>
              </value>
            </param>
            <param index="2">
              <value>
                <![CDATA[Sam]]>
              </value>
            </param>
            <param index="3">
              <value>
                <![CDATA[Man]]>
              </value>
            </param>
            <param index="4">
              <value>
                <![CDATA[Sam@gmail.com]]>
              </value>
            </param>
            <param index="5">
              <value>
                <![CDATA[Test@1]]>
              </value>
            </param>
            <param index="6">
              <value>
                <![CDATA[8618271669]]>
              </value>
            </param>
          </params>
          <reporter-output>
          </reporter-output>
        </test-method> <!-- createPost -->
        <test-method signature="createPost(java.lang.String,java.lang.String,java.lang.String,java.lang.String,java.lang.String,java.lang.String,java.lang.String)[pri:1, instance:api.test.DDTest@6b81ce95]" started-at="2025-02-15T09:16:39 IST" name="createPost" data-provider="Data" finished-at="2025-02-15T09:16:41 IST" duration-ms="1703" status="PASS">
          <params>
            <param index="0">
              <value>
                <![CDATA[1020]]>
              </value>
            </param>
            <param index="1">
              <value>
                <![CDATA[Gill]]>
              </value>
            </param>
            <param index="2">
              <value>
                <![CDATA[Kevin]]>
              </value>
            </param>
            <param index="3">
              <value>
                <![CDATA[Rohit]]>
              </value>
            </param>
            <param index="4">
              <value>
                <![CDATA[Gill@gmail.com]]>
              </value>
            </param>
            <param index="5">
              <value>
                <![CDATA[Test@2]]>
              </value>
            </param>
            <param index="6">
              <value>
                <![CDATA[8618271568]]>
              </value>
            </param>
          </params>
          <reporter-output>
          </reporter-output>
        </test-method> <!-- createPost -->
        <test-method signature="createPost(java.lang.String,java.lang.String,java.lang.String,java.lang.String,java.lang.String,java.lang.String,java.lang.String)[pri:1, instance:api.test.DDTest@6b81ce95]" started-at="2025-02-15T09:16:41 IST" name="createPost" data-provider="Data" finished-at="2025-02-15T09:16:43 IST" duration-ms="1632" status="PASS">
          <params>
            <param index="0">
              <value>
                <![CDATA[1030]]>
              </value>
            </param>
            <param index="1">
              <value>
                <![CDATA[Smith]]>
              </value>
            </param>
            <param index="2">
              <value>
                <![CDATA[Mill]]>
              </value>
            </param>
            <param index="3">
              <value>
                <![CDATA[Kohli]]>
              </value>
            </param>
            <param index="4">
              <value>
                <![CDATA[Mill@gmail.com]]>
              </value>
            </param>
            <param index="5">
              <value>
                <![CDATA[Test@3]]>
              </value>
            </param>
            <param index="6">
              <value>
                <![CDATA[8618271123]]>
              </value>
            </param>
          </params>
          <reporter-output>
          </reporter-output>
        </test-method> <!-- createPost -->
        <test-method signature="deleteUser(java.lang.String)[pri:2, instance:api.test.DDTest@6b81ce95]" started-at="2025-02-15T09:16:43 IST" name="deleteUser" data-provider="UserNames" finished-at="2025-02-15T09:16:44 IST" duration-ms="1552" status="PASS">
          <params>
            <param index="0">
              <value>
                <![CDATA[Adam]]>
              </value>
            </param>
          </params>
          <reporter-output>
          </reporter-output>
        </test-method> <!-- deleteUser -->
        <test-method signature="deleteUser(java.lang.String)[pri:2, instance:api.test.DDTest@6b81ce95]" started-at="2025-02-15T09:16:44 IST" name="deleteUser" data-provider="UserNames" finished-at="2025-02-15T09:16:46 IST" duration-ms="1529" status="PASS">
          <params>
            <param index="0">
              <value>
                <![CDATA[Gill]]>
              </value>
            </param>
          </params>
          <reporter-output>
          </reporter-output>
        </test-method> <!-- deleteUser -->
        <test-method signature="deleteUser(java.lang.String)[pri:2, instance:api.test.DDTest@6b81ce95]" started-at="2025-02-15T09:16:46 IST" name="deleteUser" data-provider="UserNames" finished-at="2025-02-15T09:16:47 IST" duration-ms="1584" status="PASS">
          <params>
            <param index="0">
              <value>
                <![CDATA[Smith]]>
              </value>
            </param>
          </params>
          <reporter-output>
          </reporter-output>
        </test-method> <!-- deleteUser -->
      </class> <!-- api.test.DDTest -->
    </test> <!-- Default test -->
  </suite> <!-- Default suite -->
</testng-results>
